java-hard/clouddb-java-hard/app/build/intermediates/manifest_merge_blame_file/debug/manifest-merger-blame-debug-report.txt
1<?xml version="1.0" encoding="utf-8"?>
2<manifest xmlns:android="http://schemas.android.com/apk/res/android"
3    package="com.huawei.agc.clouddb.quickstart"
4    android:versionCode="1"
5    android:versionName="1.0" >
6
7    <uses-sdk
8        android:minSdkVersion="23"
8-->src\main\AndroidManifest.xml
9        android:targetSdkVersion="30" />
9-->src\main\AndroidManifest.xml
10
11    <uses-permission android:name="android.permission.INTERNET" />
11-->src\main\AndroidManifest.xml:4:5-67
11-->src\main\AndroidManifest.xml:4:22-64
12    <uses-permission android:name="android.permission.WRITE_EXTERNAL_STORAGE" />
12-->src\main\AndroidManifest.xml:5:5-81
12-->src\main\AndroidManifest.xml:5:22-78
13    <uses-permission android:name="android.permission.ACCESS_NETWORK_STATE" />
13-->src\main\AndroidManifest.xml:6:5-79
13-->src\main\AndroidManifest.xml:6:22-76
14    <uses-permission android:name="android.permission.ACCESS_WIFI_STATE" />
14-->src\main\AndroidManifest.xml:7:5-76
14-->src\main\AndroidManifest.xml:7:22-73
15    <uses-permission android:name="android.permission.READ_PHONE_STATE" />
15-->src\main\AndroidManifest.xml:8:5-75
15-->src\main\AndroidManifest.xml:8:22-72
16    <uses-permission android:name="android.permission.REQUEST_INSTALL_PACKAGES" />
16-->src\main\AndroidManifest.xml:9:5-83
16-->src\main\AndroidManifest.xml:9:22-80
17
18    <application
18-->src\main\AndroidManifest.xml:10:5-39:19
19        android:name="com.huawei.agc.clouddb.quickstart.CloudDBQuickStartApplication"
19-->src\main\AndroidManifest.xml:11:13-57
20        android:allowBackup="false"
20-->src\main\AndroidManifest.xml:12:13-40
21        android:appComponentFactory="androidx.core.app.CoreComponentFactory"
21-->[androidx.core:core:1.3.1] AndroidManifest.xml:24:18-86
22        android:debuggable="true"
23        android:extractNativeLibs="false"
24        android:icon="@drawable/ic_launcher"
24-->src\main\AndroidManifest.xml:13:13-49
25        android:label="@string/app_name"
25-->src\main\AndroidManifest.xml:14:13-45
26        android:roundIcon="@drawable/ic_launcher"
26-->src\main\AndroidManifest.xml:15:13-54
27        android:supportsRtl="true"
27-->src\main\AndroidManifest.xml:16:13-39
28        android:testOnly="true"
29        android:theme="@style/AppTheme" >
29-->src\main\AndroidManifest.xml:17:13-44
30        <activity
30-->src\main\AndroidManifest.xml:19:9-28:20
31            android:name="com.huawei.agc.clouddb.quickstart.MainActivity"
31-->src\main\AndroidManifest.xml:20:17-45
32            android:label="@string/book_manager_title" >
32-->src\main\AndroidManifest.xml:21:17-59
33            <intent-filter>
33-->src\main\AndroidManifest.xml:22:13-27:29
34                <action android:name="android.intent.action.MAIN" />
34-->src\main\AndroidManifest.xml:23:17-69
34-->src\main\AndroidManifest.xml:23:25-66
35                <action android:name="android.intent.action.VIEW" />
35-->src\main\AndroidManifest.xml:24:17-69
35-->src\main\AndroidManifest.xml:24:25-66
36
37                <category android:name="android.intent.category.LAUNCHER" />
37-->src\main\AndroidManifest.xml:26:17-77
37-->src\main\AndroidManifest.xml:26:27-74
38            </intent-filter>
39        </activity>
40        <activity
40-->src\main\AndroidManifest.xml:30:9-38:20
41            android:name="com.huawei.agc.clouddb.quickstart.EditActivity"
41-->src\main\AndroidManifest.xml:31:17-45
42            android:exported="false"
42-->src\main\AndroidManifest.xml:32:17-41
43            android:label="@string/add_book" >
43-->src\main\AndroidManifest.xml:33:17-49
44            <intent-filter>
44-->src\main\AndroidManifest.xml:34:13-37:29
45                <action android:name="com.huawei.agc.clouddb.quickstart.ADD" />
45-->src\main\AndroidManifest.xml:35:17-80
45-->src\main\AndroidManifest.xml:35:25-77
46                <action android:name="com.huawei.agc.clouddb.quickstart.SEARCH" />
46-->src\main\AndroidManifest.xml:36:17-83
46-->src\main\AndroidManifest.xml:36:25-80
47            </intent-filter>
48        </activity>
49
50        <service
50-->[com.huawei.agconnect:agconnect-auth:1.6.1.300] AndroidManifest.xml:11:9-17:19
51            android:name="com.huawei.agconnect.core.ServiceDiscovery"
51-->[com.huawei.agconnect:agconnect-auth:1.6.1.300] AndroidManifest.xml:12:13-70
52            android:exported="false" >
52-->[com.huawei.agconnect:agconnect-auth:1.6.1.300] AndroidManifest.xml:13:13-37
53            <meta-data
53-->[com.huawei.agconnect:agconnect-auth:1.6.1.300] AndroidManifest.xml:14:13-16:78
54                android:name="com.huawei.agconnect.auth.AuthServiceRegistrar"
54-->[com.huawei.agconnect:agconnect-auth:1.6.1.300] AndroidManifest.xml:15:17-78
55                android:value="com.huawei.agconnect.core.ServiceRegistrar" />
55-->[com.huawei.agconnect:agconnect-auth:1.6.1.300] AndroidManifest.xml:16:17-75
56            <meta-data
56-->[com.huawei.agconnect:agconnect-credential:1.6.1.300] AndroidManifest.xml:18:13-20:78
57                android:name="com.huawei.agconnect.credential.CredentialServiceRegistrar:100"
57-->[com.huawei.agconnect:agconnect-credential:1.6.1.300] AndroidManifest.xml:19:17-94
58                android:value="com.huawei.agconnect.core.ServiceRegistrar" />
58-->[com.huawei.agconnect:agconnect-credential:1.6.1.300] AndroidManifest.xml:20:17-75
59            <meta-data
59-->[com.huawei.agconnect:agconnect-api-core:1.6.1.300] AndroidManifest.xml:15:13-17:78
60                android:name="com.huawei.agconnect.api.ApiServiceRegistrar"
60-->[com.huawei.agconnect:agconnect-api-core:1.6.1.300] AndroidManifest.xml:16:17-76
61                android:value="com.huawei.agconnect.core.ServiceRegistrar" />
61-->[com.huawei.agconnect:agconnect-api-core:1.6.1.300] AndroidManifest.xml:17:17-75
62        </service>
63
64        <uses-library
64-->[com.huawei.agconnect:agconnect-credential:1.6.1.300] AndroidManifest.xml:23:9-25:40
65            android:name="org.apache.http.legacy"
65-->[com.huawei.agconnect:agconnect-credential:1.6.1.300] AndroidManifest.xml:24:13-50
66            android:required="false" />
66-->[com.huawei.agconnect:agconnect-credential:1.6.1.300] AndroidManifest.xml:25:13-37
67
68        <provider
68-->[com.huawei.agconnect:agconnect-core:1.6.1.300] AndroidManifest.xml:11:9-14:40
69            android:name="com.huawei.agconnect.core.provider.AGConnectInitializeProvider"
69-->[com.huawei.agconnect:agconnect-core:1.6.1.300] AndroidManifest.xml:12:13-90
70            android:authorities="com.huawei.agc.clouddb.quickstart.AGCInitializeProvider"
70-->[com.huawei.agconnect:agconnect-core:1.6.1.300] AndroidManifest.xml:13:13-73
71            android:exported="false" />
71-->[com.huawei.agconnect:agconnect-core:1.6.1.300] AndroidManifest.xml:14:13-37
72    </application>
73
74</manifest>